<?xml version="1.0" encoding="UTF-8"?>
<!-- Generated by org.testng.reporters.JUnitReportReporter -->
<testsuite hostname="DESKTOP-EP300T1" failures="0" tests="1" name="testcase.TC010_LogOut" time="142.535" errors="0" timestamp="2023-12-29T14:33:59 IST" skipped="0">
  <testcase classname="testcase.TC010_LogOut" name="logoutTest" time="142.535"/>
  <system-out/>
</testsuite> <!-- testcase.TC010_LogOut -->
