<?xml version="1.0" encoding="UTF-8"?>
<!-- Generated by org.testng.reporters.JUnitReportReporter -->
<testsuite hostname="DESKTOP-EP300T1" failures="0" tests="1" name="testcase.TC009_ManageBooking" time="28.942" errors="0" timestamp="2023-12-29T14:33:59 IST" skipped="0">
  <testcase classname="testcase.TC009_ManageBooking" name="manageBookingTest" time="28.942"/>
  <system-out/>
</testsuite> <!-- testcase.TC009_ManageBooking -->
