<?xml version="1.0" encoding="UTF-8"?>
<!-- Generated by org.testng.reporters.JUnitReportReporter -->
<testsuite hostname="DESKTOP-EP300T1" failures="0" tests="1" name="testcase.TC007_CheckIn" time="22.017" errors="0" timestamp="2023-12-29T14:33:59 IST" skipped="0">
  <testcase classname="testcase.TC007_CheckIn" name="checkInTest" time="22.017"/>
  <system-out/>
</testsuite> <!-- testcase.TC007_CheckIn -->
