<?xml version="1.0" encoding="UTF-8"?>
<!-- Generated by org.testng.reporters.JUnitReportReporter -->
<testsuite hostname="DESKTOP-EP300T1" failures="0" tests="1" name="testcase.TC011_ForgetPassWord" time="23.115" errors="0" timestamp="2023-12-29T14:33:59 IST" skipped="0">
  <testcase classname="testcase.TC011_ForgetPassWord" name="forgetPasswordTest" time="23.115"/>
  <system-out/>
</testsuite> <!-- testcase.TC011_ForgetPassWord -->
